app/build/intermediates/manifest_merge_blame_file/debug/manifest-merger-blame-debug-report.txt
1<?xml version="1.0" encoding="utf-8"?>
2<manifest xmlns:android="http://schemas.android.com/apk/res/android"
3    package="com.vitap.wifi_locator"
4    android:versionCode="1"
5    android:versionName="1.0" >
6
7    <uses-sdk
8        android:minSdkVersion="24"
8-->src/main/AndroidManifest.xml
9        android:targetSdkVersion="29" />
9-->src/main/AndroidManifest.xml
10
11    <uses-permission android:name="android.permission.ACCESS_WIFI_STATE" />
11-->src/main/AndroidManifest.xml:6:5-76
11-->src/main/AndroidManifest.xml:6:22-73
12    <uses-permission android:name="android.permission.CHANGE_WIFI_STATE" />
12-->src/main/AndroidManifest.xml:7:5-75
12-->src/main/AndroidManifest.xml:7:22-73
13    <uses-permission android:name="android.permission.ACCESS_FINE_LOCATION" />
13-->src/main/AndroidManifest.xml:8:5-78
13-->src/main/AndroidManifest.xml:8:22-76
14    <uses-permission android:name="android.permission.LOCATION_HARDWARE" />
14-->src/main/AndroidManifest.xml:9:5-10:47
14-->src/main/AndroidManifest.xml:9:22-73
15    <uses-permission android:name="android.permission.ACCESS_COARSE_LOCATION" />
15-->src/main/AndroidManifest.xml:11:5-80
15-->src/main/AndroidManifest.xml:11:22-78
16    <uses-permission android:name="android.permission.INTERNET" />
16-->src/main/AndroidManifest.xml:12:5-66
16-->src/main/AndroidManifest.xml:12:22-64
17
18    <application
18-->src/main/AndroidManifest.xml:14:5-32:19
19        android:allowBackup="true"
19-->src/main/AndroidManifest.xml:16:9-35
20        android:appComponentFactory="androidx.core.app.CoreComponentFactory"
20-->[androidx.core:core:1.0.1] AndroidManifest.xml:22:18-86
21        android:debuggable="true"
22        android:extractNativeLibs="false"
23        android:icon="@mipmap/ic_launcher"
23-->src/main/AndroidManifest.xml:17:9-43
24        android:label="@string/app_name"
24-->src/main/AndroidManifest.xml:18:9-41
25        android:roundIcon="@mipmap/ic_launcher_round"
25-->src/main/AndroidManifest.xml:19:9-54
26        android:supportsRtl="true"
26-->src/main/AndroidManifest.xml:20:9-35
27        android:theme="@style/AppTheme"
27-->src/main/AndroidManifest.xml:21:9-40
28        android:usesCleartextTraffic="true" >
28-->src/main/AndroidManifest.xml:15:9-44
29        <activity android:name="com.vitap.wifi_locator.AddLocation" />
29-->src/main/AndroidManifest.xml:22:9-58
29-->src/main/AndroidManifest.xml:22:19-46
30        <activity android:name="com.vitap.wifi_locator.FindMyFriend" />
30-->src/main/AndroidManifest.xml:23:9-50
30-->src/main/AndroidManifest.xml:23:19-47
31        <activity android:name="com.vitap.wifi_locator.UpdateLocation" />
31-->src/main/AndroidManifest.xml:24:9-52
31-->src/main/AndroidManifest.xml:24:19-49
32        <activity android:name="com.vitap.wifi_locator.MainActivity" >
32-->src/main/AndroidManifest.xml:25:9-31:20
32-->src/main/AndroidManifest.xml:25:19-47
33            <intent-filter>
33-->src/main/AndroidManifest.xml:26:13-30:29
34                <action android:name="android.intent.action.MAIN" />
34-->src/main/AndroidManifest.xml:27:17-69
34-->src/main/AndroidManifest.xml:27:25-66
35
36                <category android:name="android.intent.category.LAUNCHER" />
36-->src/main/AndroidManifest.xml:29:17-77
36-->src/main/AndroidManifest.xml:29:27-74
37            </intent-filter>
38        </activity>
39    </application>
40
41</manifest>